2025-06-26 10:38:58,333 - DEBUG - parso.python.diff - diff:282 - diff parser start
2025-06-26 10:38:58,335 - DEBUG - parso.python.diff - diff:293 - line_lengths old: 1; new: 1
2025-06-26 10:38:58,335 - DEBUG - parso.python.diff - diff:296 - -> code[replace] old[1:1] new[1:1]
2025-06-26 10:38:58,336 - DEBUG - parso.python.diff - diff:421 - parse_part from 1 to 1 (to 0 in part parser)
2025-06-26 10:38:58,336 - DEBUG - parso.python.diff - diff:339 - diff parser end
2025-06-26 10:39:06,034 - INFO - root - core:249 - async work infor
2025-07-01 13:59:12,256 - INFO - root - core:193 - add_node
2025-07-01 13:59:12,257 - INFO - root - core:193 - add_node
2025-07-01 13:59:12,258 - INFO - root - core:193 - add_node
2025-07-01 13:59:12,259 - INFO - root - core:193 - add_node
2025-07-01 13:59:12,260 - INFO - root - core:193 - add_node
2025-07-01 13:59:12,261 - INFO - root - core:193 - add_node
2025-07-01 13:59:12,261 - INFO - root - core:193 - add_node
2025-07-01 13:59:12,262 - INFO - root - core:193 - add_node
2025-07-01 13:59:12,263 - INFO - root - core:193 - add_node
2025-07-01 13:59:12,264 - INFO - root - core:193 - add_node
2025-07-01 13:59:12,264 - INFO - root - core:193 - add_node
2025-07-01 13:59:12,265 - INFO - root - core:193 - add_node
2025-07-01 13:59:12,266 - INFO - root - core:193 - add_node
2025-07-01 13:59:12,266 - INFO - root - core:193 - add_node
2025-07-01 13:59:12,267 - INFO - root - core:193 - add_node
2025-07-01 13:59:12,268 - INFO - root - core:193 - add_node
2025-07-01 13:59:12,268 - INFO - root - core:193 - add_node
2025-07-01 13:59:12,269 - INFO - root - core:193 - add_node
2025-07-01 13:59:12,270 - INFO - root - core:193 - add_node
2025-07-01 13:59:12,271 - INFO - root - core:193 - add_node
2025-07-01 13:59:12,272 - INFO - root - core:193 - add_node
2025-07-01 13:59:12,272 - INFO - root - core:193 - add_node
2025-07-01 13:59:12,273 - INFO - root - core:193 - add_node
2025-07-01 13:59:12,274 - INFO - root - core:193 - add_node
2025-07-01 13:59:12,275 - INFO - root - core:193 - add_node
2025-07-01 13:59:12,276 - INFO - root - core:193 - add_node
2025-07-01 13:59:12,276 - INFO - root - core:193 - add_node
2025-07-01 13:59:12,277 - INFO - root - core:193 - add_node
2025-07-01 13:59:12,278 - INFO - root - core:193 - add_node
2025-07-01 13:59:12,278 - INFO - root - core:193 - add_node
2025-07-01 13:59:12,279 - INFO - root - core:193 - add_node
2025-07-01 13:59:12,280 - INFO - root - core:193 - add_node
2025-07-01 13:59:12,281 - INFO - root - core:193 - add_node
2025-07-01 13:59:12,282 - INFO - root - core:193 - add_node
2025-07-01 14:00:25,697 - INFO - root - core:193 - add_node
2025-07-01 14:00:25,698 - INFO - root - core:193 - add_node
2025-07-01 14:00:25,699 - INFO - root - core:193 - add_node
2025-07-01 14:00:25,700 - INFO - root - core:193 - add_node
2025-07-01 14:00:25,701 - INFO - root - core:193 - add_node
2025-07-01 14:00:25,702 - INFO - root - core:193 - add_node
2025-07-01 14:00:25,702 - INFO - root - core:193 - add_node
2025-07-01 14:00:25,704 - INFO - root - core:193 - add_node
2025-07-01 14:00:25,706 - INFO - root - core:193 - add_node
2025-07-01 14:00:25,708 - INFO - root - core:193 - add_node
2025-07-01 14:00:25,709 - INFO - root - core:193 - add_node
2025-07-01 14:00:25,710 - INFO - root - core:193 - add_node
2025-07-01 14:00:25,711 - INFO - root - core:193 - add_node
2025-07-01 14:00:25,711 - INFO - root - core:193 - add_node
2025-07-01 14:00:25,712 - INFO - root - core:193 - add_node
2025-07-01 14:00:25,714 - INFO - root - core:193 - add_node
2025-07-01 14:00:25,714 - INFO - root - core:193 - add_node
2025-07-01 14:00:25,715 - INFO - root - core:193 - add_node
2025-07-01 14:00:25,716 - INFO - root - core:193 - add_node
2025-07-01 14:00:25,717 - INFO - root - core:193 - add_node
2025-07-01 14:00:25,717 - INFO - root - core:193 - add_node
2025-07-01 14:00:25,718 - INFO - root - core:193 - add_node
2025-07-01 14:00:25,719 - INFO - root - core:193 - add_node
2025-07-01 14:00:25,720 - INFO - root - core:193 - add_node
2025-07-01 14:00:25,721 - INFO - root - core:193 - add_node
2025-07-01 14:00:25,722 - INFO - root - core:193 - add_node
2025-07-01 14:00:25,723 - INFO - root - core:193 - add_node
2025-07-01 14:00:25,723 - INFO - root - core:193 - add_node
2025-07-01 14:00:25,724 - INFO - root - core:193 - add_node
2025-07-01 14:00:25,725 - INFO - root - core:193 - add_node
2025-07-01 14:00:25,726 - INFO - root - core:193 - add_node
2025-07-01 14:00:25,726 - INFO - root - core:193 - add_node
2025-07-01 14:00:25,728 - INFO - root - core:193 - add_node
2025-07-01 14:00:25,729 - INFO - root - core:193 - add_node
2025-07-01 14:00:36,350 - DEBUG - parso.cache - cache:152 - pickle loaded: /Users/zhaoxuefeng/opt/miniconda3/envs/work/lib/python3.10/site-packages/jedi/third_party/typeshed/stdlib/3/builtins.pyi
2025-07-01 14:01:15,382 - INFO - root - core:193 - add_node
2025-07-01 14:01:15,383 - INFO - root - core:193 - add_node
2025-07-01 14:01:15,384 - INFO - root - core:193 - add_node
2025-07-01 14:01:15,384 - INFO - root - core:193 - add_node
2025-07-01 14:01:15,385 - INFO - root - core:193 - add_node
2025-07-01 14:01:15,386 - INFO - root - core:193 - add_node
2025-07-01 14:01:15,386 - INFO - root - core:193 - add_node
2025-07-01 14:01:15,387 - INFO - root - core:193 - add_node
2025-07-01 14:01:15,388 - INFO - root - core:193 - add_node
2025-07-01 14:01:15,388 - INFO - root - core:193 - add_node
2025-07-01 14:01:15,389 - INFO - root - core:193 - add_node
2025-07-01 14:01:15,390 - INFO - root - core:193 - add_node
2025-07-01 14:01:15,391 - INFO - root - core:193 - add_node
2025-07-01 14:01:15,392 - INFO - root - core:193 - add_node
2025-07-01 14:01:15,393 - INFO - root - core:193 - add_node
2025-07-01 14:01:15,393 - INFO - root - core:193 - add_node
2025-07-01 14:01:15,394 - INFO - root - core:193 - add_node
2025-07-01 14:01:15,396 - INFO - root - core:193 - add_node
2025-07-01 14:01:15,397 - INFO - root - core:193 - add_node
2025-07-01 14:01:15,397 - INFO - root - core:193 - add_node
2025-07-01 14:01:15,398 - INFO - root - core:193 - add_node
2025-07-01 14:01:15,399 - INFO - root - core:193 - add_node
2025-07-01 14:01:15,400 - INFO - root - core:193 - add_node
2025-07-01 14:01:15,400 - INFO - root - core:193 - add_node
2025-07-01 14:01:15,401 - INFO - root - core:193 - add_node
2025-07-01 14:01:15,402 - INFO - root - core:193 - add_node
2025-07-01 14:01:15,403 - INFO - root - core:193 - add_node
2025-07-01 14:01:15,403 - INFO - root - core:193 - add_node
2025-07-01 14:01:15,404 - INFO - root - core:193 - add_node
2025-07-01 14:01:15,405 - INFO - root - core:193 - add_node
2025-07-01 14:01:15,405 - INFO - root - core:193 - add_node
2025-07-01 14:01:15,406 - INFO - root - core:193 - add_node
2025-07-01 14:01:15,407 - INFO - root - core:193 - add_node
2025-07-01 14:01:15,407 - INFO - root - core:193 - add_node
2025-07-01 14:03:38,087 - INFO - root - core:193 - add_node
2025-07-01 14:03:38,089 - INFO - root - core:193 - add_node
2025-07-01 14:03:38,090 - INFO - root - core:193 - add_node
2025-07-01 14:03:38,092 - INFO - root - core:193 - add_node
2025-07-01 14:03:38,094 - INFO - root - core:193 - add_node
2025-07-01 14:03:38,095 - INFO - root - core:193 - add_node
2025-07-01 14:03:38,096 - INFO - root - core:193 - add_node
2025-07-01 14:03:38,096 - INFO - root - core:193 - add_node
2025-07-01 14:03:38,097 - INFO - root - core:193 - add_node
2025-07-01 14:03:38,098 - INFO - root - core:193 - add_node
2025-07-01 14:03:38,099 - INFO - root - core:193 - add_node
2025-07-01 14:03:38,099 - INFO - root - core:193 - add_node
2025-07-01 14:03:38,100 - INFO - root - core:193 - add_node
2025-07-01 14:03:38,101 - INFO - root - core:193 - add_node
2025-07-01 14:03:38,101 - INFO - root - core:193 - add_node
2025-07-01 14:03:38,102 - INFO - root - core:193 - add_node
2025-07-01 14:03:38,102 - INFO - root - core:193 - add_node
2025-07-01 14:03:38,103 - INFO - root - core:193 - add_node
2025-07-01 14:03:38,104 - INFO - root - core:193 - add_node
2025-07-01 14:03:38,105 - INFO - root - core:193 - add_node
2025-07-01 14:03:38,106 - INFO - root - core:193 - add_node
2025-07-01 14:03:38,106 - INFO - root - core:193 - add_node
2025-07-01 14:03:38,107 - INFO - root - core:193 - add_node
2025-07-01 14:03:38,108 - INFO - root - core:193 - add_node
2025-07-01 14:03:38,109 - INFO - root - core:193 - add_node
2025-07-01 14:03:38,109 - INFO - root - core:193 - add_node
2025-07-01 14:03:38,111 - INFO - root - core:193 - add_node
2025-07-01 14:03:38,111 - INFO - root - core:193 - add_node
2025-07-01 14:03:38,112 - INFO - root - core:193 - add_node
2025-07-01 14:03:38,113 - INFO - root - core:193 - add_node
2025-07-01 14:03:38,114 - INFO - root - core:193 - add_node
2025-07-01 14:03:38,115 - INFO - root - core:193 - add_node
2025-07-01 14:03:38,116 - INFO - root - core:193 - add_node
2025-07-01 14:03:38,117 - INFO - root - core:193 - add_node
2025-07-01 14:03:38,117 - INFO - root - core:193 - add_node
2025-07-01 14:03:38,118 - INFO - root - core:193 - add_node
2025-07-01 14:03:38,119 - INFO - root - core:193 - add_node
2025-07-01 14:03:38,120 - INFO - root - core:193 - add_node
2025-07-01 14:03:38,120 - INFO - root - core:193 - add_node
2025-07-01 14:03:38,121 - INFO - root - core:193 - add_node
2025-07-01 14:03:38,121 - INFO - root - core:193 - add_node
2025-07-01 14:03:38,122 - INFO - root - core:193 - add_node
2025-07-01 14:03:38,123 - INFO - root - core:193 - add_node
2025-07-01 14:03:38,124 - INFO - root - core:193 - add_node
2025-07-01 14:03:38,125 - INFO - root - core:193 - add_node
2025-07-01 14:03:38,126 - INFO - root - core:193 - add_node
2025-07-01 14:03:38,127 - INFO - root - core:193 - add_node
2025-07-01 14:03:38,127 - INFO - root - core:193 - add_node
2025-07-01 14:03:38,128 - INFO - root - core:193 - add_node
2025-07-01 14:03:38,129 - INFO - root - core:193 - add_node
2025-07-01 14:03:38,129 - INFO - root - core:193 - add_node
2025-07-01 14:03:38,130 - INFO - root - core:193 - add_node
2025-07-01 14:03:38,130 - INFO - root - core:193 - add_node
2025-07-01 14:03:38,131 - INFO - root - core:193 - add_node
2025-07-01 14:03:38,132 - INFO - root - core:193 - add_node
2025-07-01 14:03:38,132 - INFO - root - core:193 - add_node
2025-07-01 14:03:38,133 - INFO - root - core:193 - add_node
2025-07-01 14:03:38,134 - INFO - root - core:193 - add_node
2025-07-01 14:03:38,134 - INFO - root - core:193 - add_node
2025-07-01 14:03:38,134 - INFO - root - core:193 - add_node
2025-07-01 14:03:38,135 - INFO - root - core:193 - add_node
2025-07-01 14:03:38,136 - INFO - root - core:193 - add_node
2025-07-01 14:03:38,137 - INFO - root - core:193 - add_node
2025-07-01 14:03:38,137 - INFO - root - core:193 - add_node
2025-07-01 14:03:38,138 - INFO - root - core:193 - add_node
2025-07-01 14:03:38,139 - INFO - root - core:193 - add_node
2025-07-01 14:03:38,139 - INFO - root - core:193 - add_node
2025-07-01 14:03:38,140 - INFO - root - core:193 - add_node
2025-07-01 14:04:22,115 - INFO - root - core:311 - select_nodes_by_text
2025-07-01 14:04:54,931 - INFO - root - core:311 - select_nodes_by_text
2025-07-01 14:04:58,766 - INFO - root - core:311 - select_nodes_by_text
2025-07-01 14:05:08,582 - INFO - root - core:311 - select_nodes_by_text
2025-07-01 14:06:27,443 - INFO - root - core:311 - select_nodes_by_text
2025-07-01 14:07:43,078 - INFO - root - core:311 - select_nodes_by_text
2025-07-01 14:09:22,800 - INFO - root - core:311 - select_nodes_by_text
2025-07-01 14:10:42,067 - INFO - root - core:311 - select_nodes_by_text
